#
# There is insufficient memory for the Java Runtime Environment to continue.
# Native memory allocation (malloc) failed to allocate 1296176 bytes for Chunk::new
# Possible reasons:
#   The system is out of physical RAM or swap space
#   The process is running with CompressedOops enabled, and the Java Heap may be blocking the growth of the native heap
# Possible solutions:
#   Reduce memory load on the system
#   Increase physical memory or swap space
#   Check if swap backing store is full
#   Decrease Java heap size (-Xmx/-Xms)
#   Decrease number of Java threads
#   Decrease Java thread stack sizes (-Xss)
#   Set larger code cache with -XX:ReservedCodeCacheSize=
#   JVM is running with Unscaled Compressed Oops mode in which the Java heap is
#     placed in the first 4GB address space. The Java Heap base address is the
#     maximum limit for the native heap growth. Please use -XX:HeapBaseMinAddress
#     to set the Java Heap base and to place the Java Heap above 4GB virtual address.
# This output file may be truncated or incomplete.
#
#  Out of Memory Error (allocation.cpp:389), pid=15268, tid=0x0000000000001ff0
#
# JRE version: Java(TM) SE Runtime Environment (8.0_331-b09) (build 1.8.0_331-b09)
# Java VM: Java HotSpot(TM) 64-Bit Server VM (25.331-b09 mixed mode windows-amd64 compressed oops)
# Failed to write core dump. Minidumps are not enabled by default on client versions of Windows
#

---------------  T H R E A D  ---------------

Current thread (0x000001f4bf8c8800):  JavaThread "C2 CompilerThread0" daemon [_thread_in_native, id=8176, stack(0x00000040ea900000,0x00000040eaa00000)]

Stack: [0x00000040ea900000,0x00000040eaa00000]
Native frames: (J=compiled Java code, j=interpreted, Vv=VM code, C=native code)
V  [jvm.dll+0x32fc49]
V  [jvm.dll+0x2761a2]
V  [jvm.dll+0x276e4d]
V  [jvm.dll+0x26d7f5]
V  [jvm.dll+0xd5a0c]
V  [jvm.dll+0xd620c]
V  [jvm.dll+0x4716a3]
V  [jvm.dll+0x438f18]
V  [jvm.dll+0x441d65]
V  [jvm.dll+0x441125]
V  [jvm.dll+0x42becb]
V  [jvm.dll+0xac68b]
V  [jvm.dll+0xaaceb]
V  [jvm.dll+0x23e6f2]
V  [jvm.dll+0x292edc]
C  [ucrtbase.dll+0x21bb2]
C  [KERNEL32.DLL+0x17344]
C  [ntdll.dll+0x526b1]


Current CompileTask:
C2:1346666 17167       4       org.gradle.api.internal.artifacts.transform.ConsumerProvidedResolvedVariant::visitDependencies (46 bytes)


---------------  P R O C E S S  ---------------

Java Threads: ( => current thread )
  0x000001f4c6ca8000 JavaThread "Cache worker for execution history cache (C:\Users\redar\AndroidStudioProjects\egg_timer\.gradle\6.1.1\executionHistory)" [_thread_blocked, id=17772, stack(0x00000040ed100000,0x00000040ed200000)]
  0x000001f4c6ca5000 JavaThread "Execution worker for ':' Thread 7" [_thread_blocked, id=13756, stack(0x00000040ed000000,0x00000040ed100000)]
  0x000001f4c6cac000 JavaThread "Execution worker for ':' Thread 6" [_thread_blocked, id=5608, stack(0x00000040ecf00000,0x00000040ed000000)]
  0x000001f4c3283000 JavaThread "Execution worker for ':' Thread 5" [_thread_blocked, id=6584, stack(0x00000040ece00000,0x00000040ecf00000)]
  0x000001f4c3281800 JavaThread "Execution worker for ':' Thread 4" [_thread_blocked, id=11024, stack(0x00000040ecd00000,0x00000040ece00000)]
  0x000001f4c3282800 JavaThread "Execution worker for ':' Thread 3" [_thread_blocked, id=12064, stack(0x00000040ecc00000,0x00000040ecd00000)]
  0x000001f4c3281000 JavaThread "Execution worker for ':' Thread 2" [_thread_blocked, id=14880, stack(0x00000040ec900000,0x00000040eca00000)]
  0x000001f4c3280000 JavaThread "Execution worker for ':'" [_thread_blocked, id=7764, stack(0x00000040ec800000,0x00000040ec900000)]
  0x000001f4c3276800 JavaThread "Cache worker for file content cache (C:\Users\redar\AndroidStudioProjects\egg_timer\.gradle\6.1.1\fileContent)" [_thread_blocked, id=2660, stack(0x00000040ec700000,0x00000040ec800000)]
  0x000001f4c327d000 JavaThread "Cache worker for Build Output Cleanup Cache (C:\Users\redar\AndroidStudioProjects\egg_timer\.gradle\buildOutputCleanup)" [_thread_blocked, id=19360, stack(0x00000040ec600000,0x00000040ec700000)]
  0x000001f4c327c800 JavaThread "Build operations Thread 8" [_thread_blocked, id=16872, stack(0x00000040ec500000,0x00000040ec600000)]
  0x000001f4c3279800 JavaThread "Build operations Thread 7" [_thread_blocked, id=2100, stack(0x00000040ec400000,0x00000040ec500000)]
  0x000001f4c3278800 JavaThread "Build operations Thread 6" [_thread_blocked, id=16276, stack(0x00000040ec300000,0x00000040ec400000)]
  0x000001f4c3274000 JavaThread "Build operations Thread 5" [_thread_blocked, id=8064, stack(0x00000040ec200000,0x00000040ec300000)]
  0x000001f4c3277000 JavaThread "Build operations Thread 4" [_thread_blocked, id=13232, stack(0x00000040ec100000,0x00000040ec200000)]
  0x000001f4c507e000 JavaThread "Build operations Thread 3" [_thread_blocked, id=8948, stack(0x00000040ebf00000,0x00000040ec000000)]
  0x000001f4c507f800 JavaThread "Build operations Thread 2" [_thread_blocked, id=9056, stack(0x00000040ebe00000,0x00000040ebf00000)]
  0x000001f4c507b000 JavaThread "Build operations" [_thread_blocked, id=19052, stack(0x00000040ebd00000,0x00000040ebe00000)]
  0x000001f4c507f000 JavaThread "Cache worker for cache directory md-rule (C:\Users\redar\.gradle\caches\6.1.1\md-rule)" [_thread_blocked, id=13616, stack(0x00000040ebc00000,0x00000040ebd00000)]
  0x000001f4c5073800 JavaThread "Cache worker for cache directory md-supplier (C:\Users\redar\.gradle\caches\6.1.1\md-supplier)" [_thread_blocked, id=4756, stack(0x00000040eb800000,0x00000040eb900000)]
  0x000001f4c5076800 JavaThread "Cache worker for file hash cache (C:\Users\redar\AndroidStudioProjects\egg_timer\.gradle\6.1.1\fileHashes)" [_thread_blocked, id=18356, stack(0x00000040eb700000,0x00000040eb800000)]
  0x000001f4c507a800 JavaThread "Cache worker for checksums cache (C:\Users\redar\AndroidStudioProjects\egg_timer\.gradle\checksums)" [_thread_blocked, id=18168, stack(0x00000040eb600000,0x00000040eb700000)]
  0x000001f4c5079800 JavaThread "Thread-57" [_thread_blocked, id=8544, stack(0x00000040eb500000,0x00000040eb600000)]
  0x000001f4c5079000 JavaThread "Stdin handler" [_thread_blocked, id=10844, stack(0x00000040eb400000,0x00000040eb500000)]
  0x000001f4c5075000 JavaThread "Asynchronous log dispatcher for DefaultDaemonConnection: socket connection from /127.0.0.1:63391 to /127.0.0.1:64486" [_thread_blocked, id=7112, stack(0x00000040eb300000,0x00000040eb400000)]
  0x000001f4c5078000 JavaThread "Daemon worker Thread 2" [_thread_in_native, id=16268, stack(0x00000040eb200000,0x00000040eb300000)]
  0x000001f4c5071800 JavaThread "Cancel handler" [_thread_blocked, id=17680, stack(0x00000040e9a00000,0x00000040e9b00000)]
  0x000001f4c5074800 JavaThread "Handler for socket connection from /127.0.0.1:63391 to /127.0.0.1:64486" [_thread_in_native, id=5760, stack(0x00000040e9900000,0x00000040e9a00000)]
  0x000001f4c5070800 JavaThread "Daemon Thread 2" [_thread_blocked, id=3700, stack(0x00000040e9800000,0x00000040e9900000)]
  0x000001f4c3278000 JavaThread "RMI Reaper" [_thread_blocked, id=10100, stack(0x00000040ee400000,0x00000040ee500000)]
  0x000001f4c327a000 JavaThread "RMI TCP Accept-0" daemon [_thread_in_native, id=7612, stack(0x00000040ee300000,0x00000040ee400000)]
  0x000001f4c327b000 JavaThread "GC Daemon" daemon [_thread_blocked, id=15344, stack(0x00000040ee200000,0x00000040ee300000)]
  0x000001f4c3275800 JavaThread "RMI Scheduler(0)" daemon [_thread_blocked, id=13832, stack(0x00000040ee000000,0x00000040ee100000)]
  0x000001f4c6cb3800 JavaThread "Cache worker for file content cache (C:\Users\redar\.gradle\caches\6.1.1\fileContent)" [_thread_blocked, id=4516, stack(0x00000040ecb00000,0x00000040ecc00000)]
  0x000001f4c6cb2800 JavaThread "Memory manager" [_thread_blocked, id=18488, stack(0x00000040eca00000,0x00000040ecb00000)]
  0x000001f4c6cab000 JavaThread "Cache worker for execution history cache (C:\Users\redar\.gradle\caches\6.1.1\executionHistory)" [_thread_blocked, id=18416, stack(0x00000040ec000000,0x00000040ec100000)]
  0x000001f4bf8d9800 JavaThread "Cache worker for file hash cache (C:\Users\redar\.gradle\caches\6.1.1\fileHashes)" [_thread_blocked, id=18580, stack(0x00000040ebb00000,0x00000040ebc00000)]
  0x000001f4bf8d6800 JavaThread "File lock request listener" [_thread_in_native, id=4732, stack(0x00000040eba00000,0x00000040ebb00000)]
  0x000001f4bf8dc000 JavaThread "Cache worker for journal cache (C:\Users\redar\.gradle\caches\journal-1)" [_thread_blocked, id=19328, stack(0x00000040eb900000,0x00000040eba00000)]
  0x000001f4c2ada000 JavaThread "Daemon periodic checks" [_thread_blocked, id=1924, stack(0x00000040eb100000,0x00000040eb200000)]
  0x000001f4c2ab3000 JavaThread "Incoming local TCP Connector on port 63391" [_thread_in_native, id=18900, stack(0x00000040eb000000,0x00000040eb100000)]
  0x000001f4c2857800 JavaThread "Daemon health stats" [_thread_blocked, id=9568, stack(0x00000040eaf00000,0x00000040eb000000)]
  0x000001f4c0cb0800 JavaThread "Service Thread" daemon [_thread_blocked, id=18612, stack(0x00000040ead00000,0x00000040eae00000)]
  0x000001f4bf8da800 JavaThread "C1 CompilerThread3" daemon [_thread_blocked, id=8424, stack(0x00000040eac00000,0x00000040ead00000)]
  0x000001f4bf8d5800 JavaThread "C2 CompilerThread2" daemon [_thread_in_native, id=13640, stack(0x00000040eab00000,0x00000040eac00000)]
  0x000001f4bf8cb800 JavaThread "C2 CompilerThread1" daemon [_thread_in_native, id=12080, stack(0x00000040eaa00000,0x00000040eab00000)]
=>0x000001f4bf8c8800 JavaThread "C2 CompilerThread0" daemon [_thread_in_native, id=8176, stack(0x00000040ea900000,0x00000040eaa00000)]
  0x000001f4bf8c0800 JavaThread "Attach Listener" daemon [_thread_blocked, id=18608, stack(0x00000040ea800000,0x00000040ea900000)]
  0x000001f4bf8c5800 JavaThread "Signal Dispatcher" daemon [_thread_blocked, id=11340, stack(0x00000040ea700000,0x00000040ea800000)]
  0x000001f4bf89b000 JavaThread "Finalizer" daemon [_thread_blocked, id=10252, stack(0x00000040ea600000,0x00000040ea700000)]
  0x000001f4bf899800 JavaThread "Reference Handler" daemon [_thread_blocked, id=5748, stack(0x00000040ea500000,0x00000040ea600000)]
  0x000001f4a9da0800 JavaThread "main" [_thread_blocked, id=14172, stack(0x00000040e9b00000,0x00000040e9c00000)]

Other Threads:
  0x000001f4bf873000 VMThread [stack: 0x00000040ea400000,0x00000040ea500000] [id=11112]
  0x000001f4c0cc4000 WatcherThread [stack: 0x00000040eae00000,0x00000040eaf00000] [id=16092]

VM state:not at safepoint (normal execution)

VM Mutex/Monitor currently owned by a thread: None

heap address: 0x00000000a0000000, size: 1536 MB, Compressed Oops mode: 32-bit
Narrow klass base: 0x0000000000000000, Narrow klass shift: 3
Compressed class space size: 1073741824 Address: 0x0000000100000000

Heap:
 PSYoungGen      total 265216K, used 213919K [0x00000000e0000000, 0x00000000f6400000, 0x0000000100000000)
  eden space 177152K, 85% used [0x00000000e0000000,0x00000000e934d520,0x00000000ead00000)
  from space 88064K, 71% used [0x00000000f0800000,0x00000000f459aab8,0x00000000f5e00000)
  to   space 93184K, 0% used [0x00000000ead00000,0x00000000ead00000,0x00000000f0800000)
 ParOldGen       total 472064K, used 92624K [0x00000000a0000000, 0x00000000bcd00000, 0x00000000e0000000)
  object space 472064K, 19% used [0x00000000a0000000,0x00000000a5a742a8,0x00000000bcd00000)
 Metaspace       used 109075K, capacity 113776K, committed 114048K, reserved 1148928K
  class space    used 14564K, capacity 15424K, committed 15488K, reserved 1048576K

Card table byte_map: [0x000001f4bab80000,0x000001f4bae90000] byte_map_base: 0x000001f4ba680000

Marking Bits: (ParMarkBitMap*) 0x0000000076299030
 Begin Bits: [0x000001f4bb090000, 0x000001f4bc890000)
 End Bits:   [0x000001f4bc890000, 0x000001f4be090000)

Polling page: 0x000001f4ab790000

CodeCache: size=245760Kb used=46257Kb max_used=46257Kb free=199502Kb
 bounds [0x000001f4ab7c0000, 0x000001f4ae530000, 0x000001f4ba7c0000]
 total_blobs=14932 nmethods=13989 adapters=853
 compilation: enabled

Compilation events (10 events):
Event: 1346.580 Thread 0x000001f4bf8cb800 nmethod 17326 0x000001f4ae51be10 code [0x000001f4ae51bf60, 0x000001f4ae51c0d8]
Event: 1346.580 Thread 0x000001f4bf8cb800 17337   !   4       org.gradle.cache.internal.LockOnDemandCrossProcessCacheAccess::withFileLock (24 bytes)
Event: 1346.583 Thread 0x000001f4bf8da800 17339       1       java.io.ObjectOutputStream::annotateClass (1 bytes)
Event: 1346.584 Thread 0x000001f4bf8da800 nmethod 17339 0x000001f4ae516bd0 code [0x000001f4ae516d20, 0x000001f4ae516e38]
Event: 1346.584 Thread 0x000001f4bf8da800 17340       3       org.gradle.api.internal.project.DefaultProject::getPath (8 bytes)
Event: 1346.584 Thread 0x000001f4bf8da800 nmethod 17340 0x000001f4ae51b890 code [0x000001f4ae51ba00, 0x000001f4ae51bcd0]
Event: 1346.609 Thread 0x000001f4bf8da800 17341       1       org.gradle.api.internal.provider.Providers$NoValueProvider::isPresent (2 bytes)
Event: 1346.609 Thread 0x000001f4bf8da800 nmethod 17341 0x000001f4ae51b5d0 code [0x000001f4ae51b720, 0x000001f4ae51b838]
Event: 1346.614 Thread 0x000001f4bf8da800 17342       3       java.io.WinNTFileSystem::parentOrNull (171 bytes)
Event: 1346.616 Thread 0x000001f4bf8da800 nmethod 17342 0x000001f4ae51df10 code [0x000001f4ae51e140, 0x000001f4ae51efa0]

GC Heap History (10 events):
Event: 79.850 GC heap before
{Heap before GC invocations=20 (full 3):
 PSYoungGen      total 196096K, used 138835K [0x00000000e0000000, 0x00000000f2900000, 0x0000000100000000)
  eden space 148992K, 61% used [0x00000000e0000000,0x00000000e5998e28,0x00000000e9180000)
  from space 47104K, 99% used [0x00000000ed080000,0x00000000efe7beb0,0x00000000efe80000)
  to   space 64512K, 0% used [0x00000000e9180000,0x00000000e9180000,0x00000000ed080000)
 ParOldGen       total 306176K, used 96128K [0x00000000a0000000, 0x00000000b2b00000, 0x00000000e0000000)
  object space 306176K, 31% used [0x00000000a0000000,0x00000000a5de03c0,0x00000000b2b00000)
 Metaspace       used 94530K, capacity 98436K, committed 98560K, reserved 1134592K
  class space    used 12732K, capacity 13480K, committed 13568K, reserved 1048576K
Event: 79.891 GC heap after
Heap after GC invocations=20 (full 3):
 PSYoungGen      total 213504K, used 23212K [0x00000000e0000000, 0x00000000f1a00000, 0x0000000100000000)
  eden space 148992K, 0% used [0x00000000e0000000,0x00000000e0000000,0x00000000e9180000)
  from space 64512K, 35% used [0x00000000e9180000,0x00000000ea82b230,0x00000000ed080000)
  to   space 61440K, 0% used [0x00000000ede00000,0x00000000ede00000,0x00000000f1a00000)
 ParOldGen       total 306176K, used 108204K [0x00000000a0000000, 0x00000000b2b00000, 0x00000000e0000000)
  object space 306176K, 35% used [0x00000000a0000000,0x00000000a69ab018,0x00000000b2b00000)
 Metaspace       used 94530K, capacity 98436K, committed 98560K, reserved 1134592K
  class space    used 12732K, capacity 13480K, committed 13568K, reserved 1048576K
}
Event: 79.891 GC heap before
{Heap before GC invocations=21 (full 4):
 PSYoungGen      total 213504K, used 23212K [0x00000000e0000000, 0x00000000f1a00000, 0x0000000100000000)
  eden space 148992K, 0% used [0x00000000e0000000,0x00000000e0000000,0x00000000e9180000)
  from space 64512K, 35% used [0x00000000e9180000,0x00000000ea82b230,0x00000000ed080000)
  to   space 61440K, 0% used [0x00000000ede00000,0x00000000ede00000,0x00000000f1a00000)
 ParOldGen       total 306176K, used 108204K [0x00000000a0000000, 0x00000000b2b00000, 0x00000000e0000000)
  object space 306176K, 35% used [0x00000000a0000000,0x00000000a69ab018,0x00000000b2b00000)
 Metaspace       used 94530K, capacity 98436K, committed 98560K, reserved 1134592K
  class space    used 12732K, capacity 13480K, committed 13568K, reserved 1048576K
Event: 80.285 GC heap after
Heap after GC invocations=21 (full 4):
 PSYoungGen      total 213504K, used 0K [0x00000000e0000000, 0x00000000f1a00000, 0x0000000100000000)
  eden space 148992K, 0% used [0x00000000e0000000,0x00000000e0000000,0x00000000e9180000)
  from space 64512K, 0% used [0x00000000e9180000,0x00000000e9180000,0x00000000ed080000)
  to   space 61440K, 0% used [0x00000000ede00000,0x00000000ede00000,0x00000000f1a00000)
 ParOldGen       total 472064K, used 76010K [0x00000000a0000000, 0x00000000bcd00000, 0x00000000e0000000)
  object space 472064K, 16% used [0x00000000a0000000,0x00000000a4a3a908,0x00000000bcd00000)
 Metaspace       used 94275K, capacity 97700K, committed 98560K, reserved 1134592K
  class space    used 12648K, capacity 13338K, committed 13568K, reserved 1048576K
}
Event: 82.736 GC heap before
{Heap before GC invocations=22 (full 4):
 PSYoungGen      total 213504K, used 148992K [0x00000000e0000000, 0x00000000f1a00000, 0x0000000100000000)
  eden space 148992K, 100% used [0x00000000e0000000,0x00000000e9180000,0x00000000e9180000)
  from space 64512K, 0% used [0x00000000e9180000,0x00000000e9180000,0x00000000ed080000)
  to   space 61440K, 0% used [0x00000000ede00000,0x00000000ede00000,0x00000000f1a00000)
 ParOldGen       total 472064K, used 76010K [0x00000000a0000000, 0x00000000bcd00000, 0x00000000e0000000)
  object space 472064K, 16% used [0x00000000a0000000,0x00000000a4a3a908,0x00000000bcd00000)
 Metaspace       used 100842K, capacity 105092K, committed 105216K, reserved 1140736K
  class space    used 13696K, capacity 14518K, committed 14592K, reserved 1048576K
Event: 82.818 GC heap after
Heap after GC invocations=22 (full 4):
 PSYoungGen      total 217088K, used 61435K [0x00000000e0000000, 0x00000000f3380000, 0x0000000100000000)
  eden space 155648K, 0% used [0x00000000e0000000,0x00000000e0000000,0x00000000e9800000)
  from space 61440K, 99% used [0x00000000ede00000,0x00000000f19fed70,0x00000000f1a00000)
  to   space 71680K, 0% used [0x00000000e9800000,0x00000000e9800000,0x00000000ede00000)
 ParOldGen       total 472064K, used 78746K [0x00000000a0000000, 0x00000000bcd00000, 0x00000000e0000000)
  object space 472064K, 16% used [0x00000000a0000000,0x00000000a4ce6bf0,0x00000000bcd00000)
 Metaspace       used 100842K, capacity 105092K, committed 105216K, reserved 1140736K
  class space    used 13696K, capacity 14518K, committed 14592K, reserved 1048576K
}
Event: 88.804 GC heap before
{Heap before GC invocations=23 (full 4):
 PSYoungGen      total 217088K, used 217083K [0x00000000e0000000, 0x00000000f3380000, 0x0000000100000000)
  eden space 155648K, 100% used [0x00000000e0000000,0x00000000e9800000,0x00000000e9800000)
  from space 61440K, 99% used [0x00000000ede00000,0x00000000f19fed70,0x00000000f1a00000)
  to   space 71680K, 0% used [0x00000000e9800000,0x00000000e9800000,0x00000000ede00000)
 ParOldGen       total 472064K, used 78746K [0x00000000a0000000, 0x00000000bcd00000, 0x00000000e0000000)
  object space 472064K, 16% used [0x00000000a0000000,0x00000000a4ce6bf0,0x00000000bcd00000)
 Metaspace       used 101103K, capacity 105392K, committed 105472K, reserved 1140736K
  class space    used 13698K, capacity 14520K, committed 14592K, reserved 1048576K
Event: 89.026 GC heap after
Heap after GC invocations=23 (full 4):
 PSYoungGen      total 227328K, used 71662K [0x00000000e0000000, 0x00000000f5e00000, 0x0000000100000000)
  eden space 155648K, 0% used [0x00000000e0000000,0x00000000e0000000,0x00000000e9800000)
  from space 71680K, 99% used [0x00000000e9800000,0x00000000eddfb920,0x00000000ede00000)
  to   space 88064K, 0% used [0x00000000f0800000,0x00000000f0800000,0x00000000f5e00000)
 ParOldGen       total 472064K, used 92616K [0x00000000a0000000, 0x00000000bcd00000, 0x00000000e0000000)
  object space 472064K, 19% used [0x00000000a0000000,0x00000000a5a722a8,0x00000000bcd00000)
 Metaspace       used 101103K, capacity 105392K, committed 105472K, reserved 1140736K
  class space    used 13698K, capacity 14520K, committed 14592K, reserved 1048576K
}
Event: 476.793 GC heap before
{Heap before GC invocations=24 (full 4):
 PSYoungGen      total 227328K, used 227310K [0x00000000e0000000, 0x00000000f5e00000, 0x0000000100000000)
  eden space 155648K, 100% used [0x00000000e0000000,0x00000000e9800000,0x00000000e9800000)
  from space 71680K, 99% used [0x00000000e9800000,0x00000000eddfb920,0x00000000ede00000)
  to   space 88064K, 0% used [0x00000000f0800000,0x00000000f0800000,0x00000000f5e00000)
 ParOldGen       total 472064K, used 92616K [0x00000000a0000000, 0x00000000bcd00000, 0x00000000e0000000)
  object space 472064K, 19% used [0x00000000a0000000,0x00000000a5a722a8,0x00000000bcd00000)
 Metaspace       used 108509K, capacity 113096K, committed 113280K, reserved 1146880K
  class space    used 14557K, capacity 15412K, committed 15488K, reserved 1048576K
Event: 476.881 GC heap after
Heap after GC invocations=24 (full 4):
 PSYoungGen      total 265216K, used 63082K [0x00000000e0000000, 0x00000000f6400000, 0x0000000100000000)
  eden space 177152K, 0% used [0x00000000e0000000,0x00000000e0000000,0x00000000ead00000)
  from space 88064K, 71% used [0x00000000f0800000,0x00000000f459aab8,0x00000000f5e00000)
  to   space 93184K, 0% used [0x00000000ead00000,0x00000000ead00000,0x00000000f0800000)
 ParOldGen       total 472064K, used 92624K [0x00000000a0000000, 0x00000000bcd00000, 0x00000000e0000000)
  object space 472064K, 19% used [0x00000000a0000000,0x00000000a5a742a8,0x00000000bcd00000)
 Metaspace       used 108509K, capacity 113096K, committed 113280K, reserved 1146880K
  class space    used 14557K, capacity 15412K, committed 15488K, reserved 1048576K
}

Deoptimization events (10 events):
Event: 1344.788 Thread 0x000001f4c5078000 Uncommon trap: reason=bimorphic action=maybe_recompile pc=0x000001f4abcd075c method=java.util.stream.ReduceOps$ReduceOp.evaluateSequential(Ljava/util/stream/PipelineHelper;Ljava/util/Spliterator;)Ljava/lang/Object; @ 2
Event: 1344.789 Thread 0x000001f4c5078000 Uncommon trap: reason=class_check action=maybe_recompile pc=0x000001f4ab9cf778 method=java.security.MessageDigest$Delegate.clone()Ljava/lang/Object; @ 4
Event: 1345.076 Thread 0x000001f4c5078000 Uncommon trap: reason=class_check action=maybe_recompile pc=0x000001f4ac472c28 method=kotlin.collections.CollectionsKt___CollectionsKt.sorted(Ljava/lang/Iterable;)Ljava/util/List; @ 8
Event: 1345.077 Thread 0x000001f4c5078000 Uncommon trap: reason=class_check action=maybe_recompile pc=0x000001f4ac472c28 method=kotlin.collections.CollectionsKt___CollectionsKt.sorted(Ljava/lang/Iterable;)Ljava/util/List; @ 8
Event: 1345.097 Thread 0x000001f4c5078000 Uncommon trap: reason=class_check action=maybe_recompile pc=0x000001f4ae00ca60 method=java.util.Spliterators$ArraySpliterator.tryAdvance(Ljava/util/function/Consumer;)Z @ 49
Event: 1345.160 Thread 0x000001f4c5078000 Uncommon trap: reason=class_check action=maybe_recompile pc=0x000001f4ae00ca60 method=java.util.Spliterators$ArraySpliterator.tryAdvance(Ljava/util/function/Consumer;)Z @ 49
Event: 1345.343 Thread 0x000001f4c5078000 Uncommon trap: reason=unstable_if action=reinterpret pc=0x000001f4ae353578 method=org.gradle.api.internal.attributes.DefaultCompatibilityRuleChain.execute(Lorg/gradle/api/internal/attributes/CompatibilityCheckResult;)V @ 42
Event: 1346.445 Thread 0x000001f4c3282800 Uncommon trap: reason=unstable_if action=reinterpret pc=0x000001f4ac58bb10 method=com.google.common.io.Files.getNameWithoutExtension(Ljava/lang/String;)Ljava/lang/String; @ 26
Event: 1346.454 Thread 0x000001f4c3282800 Uncommon trap: reason=unstable_if action=reinterpret pc=0x000001f4ad22ca24 method=com.google.common.io.Files.getNameWithoutExtension(Ljava/lang/String;)Ljava/lang/String; @ 26
Event: 1346.533 Thread 0x000001f4c3281000 Uncommon trap: reason=unstable_if action=reinterpret pc=0x000001f4abdcdfac method=com.google.common.io.Files.getNameWithoutExtension(Ljava/lang/String;)Ljava/lang/String; @ 26

Classes redefined (0 events):
No events

Internal exceptions (10 events):
Event: 385.743 Thread 0x000001f4c327c800 Exception <a 'java/net/ConnectException': Connection refused: connect> (0x00000000e9692948) thrown at [C:\jenkins\workspace\8-2-build-windows-amd64-cygwin\jdk8u331\2416\hotspot\src\share\vm\prims\jni.cpp, line 737]
Event: 387.800 Thread 0x000001f4c327c800 Exception <a 'java/net/ConnectException': Connection refused: connect> (0x00000000e9693248) thrown at [C:\jenkins\workspace\8-2-build-windows-amd64-cygwin\jdk8u331\2416\hotspot\src\share\vm\prims\jni.cpp, line 737]
Event: 389.832 Thread 0x000001f4c327c800 Exception <a 'java/net/ConnectException': Connection refused: connect> (0x00000000e9695e88) thrown at [C:\jenkins\workspace\8-2-build-windows-amd64-cygwin\jdk8u331\2416\hotspot\src\share\vm\prims\jni.cpp, line 737]
Event: 391.886 Thread 0x000001f4c327c800 Exception <a 'java/net/ConnectException': Connection refused: connect> (0x00000000e9696788) thrown at [C:\jenkins\workspace\8-2-build-windows-amd64-cygwin\jdk8u331\2416\hotspot\src\share\vm\prims\jni.cpp, line 737]
Event: 393.945 Thread 0x000001f4c327c800 Exception <a 'java/net/ConnectException': Connection refused: connect> (0x00000000e9697088) thrown at [C:\jenkins\workspace\8-2-build-windows-amd64-cygwin\jdk8u331\2416\hotspot\src\share\vm\prims\jni.cpp, line 737]
Event: 986.803 Thread 0x000001f4c6cb2800 Implicit null exception at 0x000001f4aded4f45 to 0x000001f4aded545d
Event: 1344.486 Thread 0x000001f4c5078000 Implicit null exception at 0x000001f4ade4653f to 0x000001f4ade4a795
Event: 1344.486 Thread 0x000001f4c5078000 Implicit null exception at 0x000001f4ac81b76c to 0x000001f4ac81b7b5
Event: 1344.486 Thread 0x000001f4c5078000 Implicit null exception at 0x000001f4acf6b01e to 0x000001f4acf6b939
Event: 1344.486 Thread 0x000001f4c5078000 Implicit null exception at 0x000001f4ac6cc1d9 to 0x000001f4ac6d0ba1

Events (10 events):
Event: 1346.445 Thread 0x000001f4c3282800 DEOPT PACKING pc=0x000001f4ac58bb10 sp=0x00000040eccfc620
Event: 1346.445 Thread 0x000001f4c3282800 DEOPT UNPACKING pc=0x000001f4ab8058c3 sp=0x00000040eccfc278 mode 2
Event: 1346.454 Thread 0x000001f4c3282800 Uncommon trap: trap_request=0xffffff65 fr.pc=0x000001f4ad22ca24
Event: 1346.454 Thread 0x000001f4c3282800 DEOPT PACKING pc=0x000001f4ad22ca24 sp=0x00000040eccfc5a0
Event: 1346.454 Thread 0x000001f4c3282800 DEOPT UNPACKING pc=0x000001f4ab8058c3 sp=0x00000040eccfc258 mode 2
Event: 1346.533 Thread 0x000001f4c3281000 Uncommon trap: trap_request=0xffffff65 fr.pc=0x000001f4abdcdfac
Event: 1346.533 Thread 0x000001f4c3281000 DEOPT PACKING pc=0x000001f4abdcdfac sp=0x00000040ec9fc470
Event: 1346.533 Thread 0x000001f4c3281000 DEOPT UNPACKING pc=0x000001f4ab8058c3 sp=0x00000040ec9fc240 mode 2
Event: 1346.533 Executing VM operation: RevokeBias
Event: 1346.534 Executing VM operation: RevokeBias done


Dynamic libraries:
0x00007ff68c4c0000 - 0x00007ff68c507000 	C:\Program Files\Java\jdk1.8.0_331\bin\java.exe
0x00007ffe29bb0000 - 0x00007ffe29da8000 	C:\WINDOWS\SYSTEM32\ntdll.dll
0x00007ffe293f0000 - 0x00007ffe294ad000 	C:\WINDOWS\System32\KERNEL32.DLL
0x00007ffe27710000 - 0x00007ffe27a06000 	C:\WINDOWS\System32\KERNELBASE.dll
0x00007ffe27ca0000 - 0x00007ffe27d4f000 	C:\WINDOWS\System32\ADVAPI32.dll
0x00007ffe27d50000 - 0x00007ffe27dee000 	C:\WINDOWS\System32\msvcrt.dll
0x00007ffe28a10000 - 0x00007ffe28aac000 	C:\WINDOWS\System32\sechost.dll
0x00007ffe299e0000 - 0x00007ffe29b06000 	C:\WINDOWS\System32\RPCRT4.dll
0x00007ffe27df0000 - 0x00007ffe27f8e000 	C:\WINDOWS\System32\USER32.dll
0x00007ffe27630000 - 0x00007ffe27652000 	C:\WINDOWS\System32\win32u.dll
0x00007ffe280d0000 - 0x00007ffe280fc000 	C:\WINDOWS\System32\GDI32.dll
0x00007ffe273e0000 - 0x00007ffe274fa000 	C:\WINDOWS\System32\gdi32full.dll
0x00007ffe27a10000 - 0x00007ffe27aad000 	C:\WINDOWS\System32\msvcp_win.dll
0x00007ffe27500000 - 0x00007ffe27600000 	C:\WINDOWS\System32\ucrtbase.dll
0x00007ffe022e0000 - 0x00007ffe0257a000 	C:\WINDOWS\WinSxS\amd64_microsoft.windows.common-controls_6595b64144ccf1df_6.0.19041.3636_none_60b6a03d71f818d5\COMCTL32.dll
0x00007ffe28f90000 - 0x00007ffe28fc0000 	C:\WINDOWS\System32\IMM32.DLL
0x00007ffe11fa0000 - 0x00007ffe11fb5000 	C:\Program Files\Java\jdk1.8.0_331\jre\bin\vcruntime140.dll
0x00007ffdf5ed0000 - 0x00007ffdf5f6b000 	C:\Program Files\Java\jdk1.8.0_331\jre\bin\msvcp140.dll
0x0000000075ab0000 - 0x0000000076311000 	C:\Program Files\Java\jdk1.8.0_331\jre\bin\server\jvm.dll
0x00007ffe282b0000 - 0x00007ffe282b8000 	C:\WINDOWS\System32\PSAPI.DLL
0x00007ffe202f0000 - 0x00007ffe20317000 	C:\WINDOWS\SYSTEM32\WINMM.dll
0x00007ffe1ff30000 - 0x00007ffe1ff3a000 	C:\WINDOWS\SYSTEM32\VERSION.dll
0x00007ffe22530000 - 0x00007ffe22539000 	C:\WINDOWS\SYSTEM32\WSOCK32.dll
0x00007ffe29570000 - 0x00007ffe295db000 	C:\WINDOWS\System32\WS2_32.dll
0x00007ffe25ae0000 - 0x00007ffe25af2000 	C:\WINDOWS\SYSTEM32\kernel.appcore.dll
0x00007ffe224f0000 - 0x00007ffe22500000 	C:\Program Files\Java\jdk1.8.0_331\jre\bin\verify.dll
0x00007ffdf5ea0000 - 0x00007ffdf5ecb000 	C:\Program Files\Java\jdk1.8.0_331\jre\bin\java.dll
0x00007ffdf5e80000 - 0x00007ffdf5e98000 	C:\Program Files\Java\jdk1.8.0_331\jre\bin\zip.dll
0x00007ffe282c0000 - 0x00007ffe28a05000 	C:\WINDOWS\System32\SHELL32.dll
0x00007ffe25140000 - 0x00007ffe258db000 	C:\WINDOWS\SYSTEM32\windows.storage.dll
0x00007ffe29090000 - 0x00007ffe293e4000 	C:\WINDOWS\System32\combase.dll
0x00007ffe26cd0000 - 0x00007ffe26cfd000 	C:\WINDOWS\SYSTEM32\Wldp.dll
0x00007ffe294c0000 - 0x00007ffe2956d000 	C:\WINDOWS\System32\SHCORE.dll
0x00007ffe27f90000 - 0x00007ffe27fe5000 	C:\WINDOWS\System32\shlwapi.dll
0x00007ffe271c0000 - 0x00007ffe271e5000 	C:\WINDOWS\SYSTEM32\profapi.dll
0x00007ffdf5e60000 - 0x00007ffdf5e7c000 	C:\Program Files\Java\jdk1.8.0_331\jre\bin\net.dll
0x00007ffe26a30000 - 0x00007ffe26a9a000 	C:\WINDOWS\system32\mswsock.dll
0x00007ffdf5e40000 - 0x00007ffdf5e53000 	C:\Program Files\Java\jdk1.8.0_331\jre\bin\nio.dll
0x00007ffe11fc0000 - 0x00007ffe11fe6000 	C:\Users\redar\.gradle\native\31\windows-amd64\native-platform.dll
0x00007ffe223b0000 - 0x00007ffe223bd000 	C:\Program Files\Java\jdk1.8.0_331\jre\bin\management.dll
0x00007ffe26c20000 - 0x00007ffe26c38000 	C:\WINDOWS\SYSTEM32\CRYPTSP.dll
0x00007ffe262f0000 - 0x00007ffe26324000 	C:\WINDOWS\system32\rsaenh.dll
0x00007ffe27600000 - 0x00007ffe27627000 	C:\WINDOWS\System32\bcrypt.dll
0x00007ffe27180000 - 0x00007ffe271ae000 	C:\WINDOWS\SYSTEM32\USERENV.dll
0x00007ffe27300000 - 0x00007ffe27382000 	C:\WINDOWS\System32\bcryptprimitives.dll
0x00007ffe26c40000 - 0x00007ffe26c4c000 	C:\WINDOWS\SYSTEM32\CRYPTBASE.dll
0x00007ffe266d0000 - 0x00007ffe2670b000 	C:\WINDOWS\SYSTEM32\IPHLPAPI.DLL
0x00007ffe294b0000 - 0x00007ffe294b8000 	C:\WINDOWS\System32\NSI.dll
0x00007ffe1e670000 - 0x00007ffe1e687000 	C:\WINDOWS\SYSTEM32\dhcpcsvc6.DLL
0x00007ffe1ee00000 - 0x00007ffe1ee1d000 	C:\WINDOWS\SYSTEM32\dhcpcsvc.DLL
0x00007ffe26710000 - 0x00007ffe267da000 	C:\WINDOWS\SYSTEM32\DNSAPI.dll
0x00007ffe22180000 - 0x00007ffe2219e000 	C:\Users\redar\AppData\Local\Temp\native-platform3906665610228903454dir\native-platform.dll
0x00007ffe13f90000 - 0x00007ffe13fb4000 	C:\Program Files\Java\jdk1.8.0_331\jre\bin\sunec.dll
0x00007ffe22600000 - 0x00007ffe227e4000 	C:\WINDOWS\SYSTEM32\dbghelp.dll

VM Arguments:
jvm_args: -Xmx1536m -Dfile.encoding=windows-1252 -Duser.country=US -Duser.language=en -Duser.variant 
java_command: org.gradle.launcher.daemon.bootstrap.GradleDaemon 6.1.1
java_class_path (initial): C:\Users\redar\.gradle\wrapper\dists\gradle-6.1.1-all\cfmwm155h49vnt3hynmlrsdst\gradle-6.1.1\lib\gradle-launcher-6.1.1.jar
Launcher Type: SUN_STANDARD

Environment Variables:
JAVA_HOME=C:\Program Files\Java\jdk1.8.0_331\
PATH=C:\Program Files\Common Files\Oracle\Java\javapath;C:\WINDOWS\system32;C:\WINDOWS;C:\WINDOWS\System32\Wbem;C:\WINDOWS\System32\WindowsPowerShell\v1.0\;C:\WINDOWS\System32\OpenSSH\;C:\Program Files\NVIDIA Corporation\NVIDIA NvDLISR;C:\Program Files\Git\cmd;C:\Program Files\Java\jdk1.8.0_331\bin;C:\Users\redar\AppData\Local\Microsoft\WindowsApps;C:\Program Files\Java\jdk1.8.0_331\bin;
USERNAME=redar
OS=Windows_NT
PROCESSOR_IDENTIFIER=Intel64 Family 6 Model 142 Stepping 10, GenuineIntel



---------------  S Y S T E M  ---------------

OS: Windows 10 , 64 bit Build 19041 (10.0.19041.3636)

CPU:total 8 (initial active 8) (4 cores per cpu, 2 threads per core) family 6 model 142 stepping 10, cmov, cx8, fxsr, mmx, sse, sse2, sse3, ssse3, sse4.1, sse4.2, popcnt, avx, avx2, aes, clmul, erms, 3dnowpref, lzcnt, ht, tsc, tscinvbit, bmi1, bmi2, adx

Memory: 4k page, physical 16648932k(1062492k free), swap 16648932k(6228k free)

vm_info: Java HotSpot(TM) 64-Bit Server VM (25.331-b09) for windows-amd64 JRE (1.8.0_331-b09), built on Mar 10 2022 03:14:38 by "java_re" with MS VC++ 15.9 (VS2017)

time: Thu Dec 28 12:25:35 2023
timezone: Morocco Daylight Time
elapsed time: 1346.686248 seconds (0d 0h 22m 26s)

